{"C:\\Users\\Mpano\\Desktop\\my-brand-Mpano-main\\my-brand-Mpano-main\\app.ts": {"path":"C:\\Users\\Mpano\\Desktop\\my-brand-Mpano-main\\my-brand-Mpano-main\\app.ts","all":false,"statementMap":{"0":{"start":{"line":1,"column":0},"end":{"line":1,"column":33}},"1":{"start":{"line":2,"column":0},"end":{"line":2,"column":16}},"2":{"start":{"line":3,"column":0},"end":{"line":3,"column":0}},"3":{"start":{"line":4,"column":0},"end":{"line":4,"column":30}},"4":{"start":{"line":5,"column":0},"end":{"line":5,"column":23}},"5":{"start":{"line":6,"column":0},"end":{"line":6,"column":51}},"6":{"start":{"line":7,"column":0},"end":{"line":7,"column":45}},"7":{"start":{"line":8,"column":0},"end":{"line":8,"column":41}},"8":{"start":{"line":9,"column":0},"end":{"line":9,"column":38}},"9":{"start":{"line":10,"column":0},"end":{"line":10,"column":39}},"10":{"start":{"line":11,"column":0},"end":{"line":11,"column":59}},"11":{"start":{"line":12,"column":0},"end":{"line":12,"column":36}},"12":{"start":{"line":13,"column":0},"end":{"line":13,"column":48}},"13":{"start":{"line":14,"column":0},"end":{"line":14,"column":39}},"14":{"start":{"line":15,"column":0},"end":{"line":15,"column":36}},"15":{"start":{"line":16,"column":0},"end":{"line":16,"column":35}},"16":{"start":{"line":17,"column":0},"end":{"line":17,"column":43}},"17":{"start":{"line":18,"column":0},"end":{"line":18,"column":25}},"18":{"start":{"line":19,"column":0},"end":{"line":19,"column":58}},"19":{"start":{"line":20,"column":0},"end":{"line":20,"column":0}},"20":{"start":{"line":21,"column":0},"end":{"line":21,"column":22}},"21":{"start":{"line":22,"column":0},"end":{"line":22,"column":38}},"22":{"start":{"line":23,"column":0},"end":{"line":23,"column":0}},"23":{"start":{"line":24,"column":0},"end":{"line":24,"column":35}},"24":{"start":{"line":25,"column":0},"end":{"line":25,"column":19}},"25":{"start":{"line":26,"column":0},"end":{"line":26,"column":13}},"26":{"start":{"line":27,"column":0},"end":{"line":27,"column":23}},"27":{"start":{"line":28,"column":0},"end":{"line":28,"column":19}},"28":{"start":{"line":29,"column":0},"end":{"line":29,"column":13}},"29":{"start":{"line":30,"column":0},"end":{"line":30,"column":21}},"30":{"start":{"line":31,"column":0},"end":{"line":31,"column":4}},"31":{"start":{"line":32,"column":0},"end":{"line":32,"column":20}},"32":{"start":{"line":33,"column":0},"end":{"line":33,"column":52}},"33":{"start":{"line":34,"column":0},"end":{"line":34,"column":14}},"34":{"start":{"line":35,"column":0},"end":{"line":35,"column":27}},"35":{"start":{"line":36,"column":0},"end":{"line":36,"column":2}},"36":{"start":{"line":37,"column":0},"end":{"line":37,"column":0}},"37":{"start":{"line":38,"column":0},"end":{"line":38,"column":26}},"38":{"start":{"line":39,"column":0},"end":{"line":39,"column":12}},"39":{"start":{"line":40,"column":0},"end":{"line":40,"column":0}},"40":{"start":{"line":41,"column":0},"end":{"line":41,"column":48}},"41":{"start":{"line":42,"column":0},"end":{"line":42,"column":23}},"42":{"start":{"line":43,"column":0},"end":{"line":43,"column":24}},"43":{"start":{"line":44,"column":0},"end":{"line":44,"column":37}},"44":{"start":{"line":45,"column":0},"end":{"line":45,"column":24}},"45":{"start":{"line":46,"column":0},"end":{"line":46,"column":35}},"46":{"start":{"line":47,"column":0},"end":{"line":47,"column":72}},"47":{"start":{"line":48,"column":0},"end":{"line":48,"column":0}},"48":{"start":{"line":49,"column":0},"end":{"line":49,"column":0}},"49":{"start":{"line":50,"column":0},"end":{"line":50,"column":8}},"50":{"start":{"line":51,"column":0},"end":{"line":51,"column":11}},"51":{"start":{"line":52,"column":0},"end":{"line":52,"column":27}},"52":{"start":{"line":53,"column":0},"end":{"line":53,"column":18}},"53":{"start":{"line":54,"column":0},"end":{"line":54,"column":28}},"54":{"start":{"line":55,"column":0},"end":{"line":55,"column":30}},"55":{"start":{"line":56,"column":0},"end":{"line":56,"column":50}},"56":{"start":{"line":57,"column":0},"end":{"line":57,"column":7}},"57":{"start":{"line":58,"column":0},"end":{"line":58,"column":58}},"58":{"start":{"line":59,"column":0},"end":{"line":59,"column":4}},"59":{"start":{"line":60,"column":0},"end":{"line":60,"column":2}},"60":{"start":{"line":61,"column":0},"end":{"line":61,"column":0}},"61":{"start":{"line":62,"column":0},"end":{"line":62,"column":20}},"62":{"start":{"line":63,"column":0},"end":{"line":63,"column":26}},"63":{"start":{"line":64,"column":0},"end":{"line":64,"column":38}},"64":{"start":{"line":65,"column":0},"end":{"line":65,"column":33}},"65":{"start":{"line":66,"column":0},"end":{"line":66,"column":0}},"66":{"start":{"line":67,"column":0},"end":{"line":67,"column":44}},"67":{"start":{"line":68,"column":0},"end":{"line":68,"column":0}},"68":{"start":{"line":69,"column":0},"end":{"line":69,"column":21}},"69":{"start":{"line":70,"column":0},"end":{"line":70,"column":20}},"70":{"start":{"line":71,"column":0},"end":{"line":71,"column":0}},"71":{"start":{"line":72,"column":0},"end":{"line":72,"column":24}},"72":{"start":{"line":73,"column":0},"end":{"line":73,"column":47}},"73":{"start":{"line":74,"column":0},"end":{"line":74,"column":3}},"74":{"start":{"line":75,"column":0},"end":{"line":75,"column":19}}},"s":{"0":2,"1":2,"2":2,"3":2,"4":2,"5":2,"6":2,"7":2,"8":2,"9":2,"10":2,"11":2,"12":2,"13":2,"14":2,"15":2,"16":2,"17":2,"18":2,"19":2,"20":2,"21":2,"22":2,"23":2,"24":2,"25":2,"26":2,"27":2,"28":2,"29":2,"30":2,"31":2,"32":2,"33":2,"34":2,"35":2,"36":2,"37":2,"38":2,"39":2,"40":2,"41":2,"42":2,"43":2,"44":2,"45":2,"46":2,"47":2,"48":2,"49":2,"50":2,"51":2,"52":2,"53":2,"54":2,"55":2,"56":2,"57":2,"58":2,"59":2,"60":2,"61":2,"62":2,"63":2,"64":2,"65":2,"66":2,"67":2,"68":2,"69":2,"70":2,"71":2,"72":1,"73":2,"74":2},"branchMap":{"0":{"type":"branch","line":72,"loc":{"start":{"line":72,"column":17},"end":{"line":74,"column":2}},"locations":[{"start":{"line":72,"column":17},"end":{"line":74,"column":2}}]}},"b":{"0":[1]},"fnMap":{},"f":{}}
,"C:\\Users\\Mpano\\Desktop\\my-brand-Mpano-main\\my-brand-Mpano-main\\config\\db.ts": {"path":"C:\\Users\\Mpano\\Desktop\\my-brand-Mpano-main\\my-brand-Mpano-main\\config\\db.ts","all":false,"statementMap":{"0":{"start":{"line":1,"column":0},"end":{"line":1,"column":52}},"1":{"start":{"line":2,"column":0},"end":{"line":2,"column":0}},"2":{"start":{"line":3,"column":0},"end":{"line":3,"column":46}},"3":{"start":{"line":4,"column":0},"end":{"line":4,"column":7}},"4":{"start":{"line":5,"column":0},"end":{"line":5,"column":39}},"5":{"start":{"line":6,"column":0},"end":{"line":6,"column":75}},"6":{"start":{"line":7,"column":0},"end":{"line":7,"column":62}},"7":{"start":{"line":8,"column":0},"end":{"line":8,"column":19}},"8":{"start":{"line":9,"column":0},"end":{"line":9,"column":23}},"9":{"start":{"line":10,"column":0},"end":{"line":10,"column":3}},"10":{"start":{"line":11,"column":0},"end":{"line":11,"column":2}},"11":{"start":{"line":12,"column":0},"end":{"line":12,"column":0}},"12":{"start":{"line":13,"column":0},"end":{"line":13,"column":25}}},"s":{"0":2,"1":2,"2":2,"3":6,"4":6,"5":6,"6":5,"7":5,"8":1,"9":1,"10":6,"11":2,"12":2},"branchMap":{"0":{"type":"branch","line":3,"loc":{"start":{"line":3,"column":18},"end":{"line":11,"column":2}},"locations":[{"start":{"line":3,"column":18},"end":{"line":11,"column":2}}]},"1":{"type":"branch","line":3,"loc":{"start":{"line":3,"column":44},"end":{"line":11,"column":2}},"locations":[{"start":{"line":3,"column":44},"end":{"line":11,"column":2}}]},"2":{"type":"branch","line":7,"loc":{"start":{"line":7,"column":-2},"end":{"line":10,"column":3}},"locations":[{"start":{"line":7,"column":-2},"end":{"line":10,"column":3}}]},"3":{"type":"branch","line":8,"loc":{"start":{"line":8,"column":4},"end":{"line":10,"column":3}},"locations":[{"start":{"line":8,"column":4},"end":{"line":10,"column":3}}]}},"b":{"0":[6],"1":[6],"2":[5],"3":[1]},"fnMap":{"0":{"name":"connectDB","decl":{"start":{"line":3,"column":18},"end":{"line":11,"column":2}},"loc":{"start":{"line":3,"column":18},"end":{"line":11,"column":2}},"line":3}},"f":{"0":6}}
,"C:\\Users\\Mpano\\Desktop\\my-brand-Mpano-main\\my-brand-Mpano-main\\helpers\\validationScheme.ts": {"path":"C:\\Users\\Mpano\\Desktop\\my-brand-Mpano-main\\my-brand-Mpano-main\\helpers\\validationScheme.ts","all":false,"statementMap":{"0":{"start":{"line":1,"column":0},"end":{"line":1,"column":22}},"1":{"start":{"line":2,"column":0},"end":{"line":2,"column":0}},"2":{"start":{"line":3,"column":0},"end":{"line":3,"column":19}},"3":{"start":{"line":4,"column":0},"end":{"line":4,"column":31}},"4":{"start":{"line":5,"column":0},"end":{"line":5,"column":41}},"5":{"start":{"line":6,"column":0},"end":{"line":6,"column":25}},"6":{"start":{"line":7,"column":0},"end":{"line":7,"column":43}},"7":{"start":{"line":8,"column":0},"end":{"line":8,"column":3}},"8":{"start":{"line":9,"column":0},"end":{"line":9,"column":0}},"9":{"start":{"line":10,"column":0},"end":{"line":10,"column":20}},"10":{"start":{"line":11,"column":0},"end":{"line":11,"column":31}},"11":{"start":{"line":12,"column":0},"end":{"line":12,"column":33}},"12":{"start":{"line":13,"column":0},"end":{"line":13,"column":32}},"13":{"start":{"line":14,"column":0},"end":{"line":14,"column":22}},"14":{"start":{"line":15,"column":0},"end":{"line":15,"column":55}},"15":{"start":{"line":16,"column":0},"end":{"line":16,"column":0}},"16":{"start":{"line":17,"column":0},"end":{"line":17,"column":21}},"17":{"start":{"line":18,"column":0},"end":{"line":18,"column":34}},"18":{"start":{"line":19,"column":0},"end":{"line":19,"column":32}},"19":{"start":{"line":20,"column":0},"end":{"line":20,"column":41}},"20":{"start":{"line":21,"column":0},"end":{"line":21,"column":35}},"21":{"start":{"line":22,"column":0},"end":{"line":22,"column":55}},"22":{"start":{"line":23,"column":0},"end":{"line":23,"column":8}},"23":{"start":{"line":24,"column":0},"end":{"line":24,"column":13}},"24":{"start":{"line":25,"column":0},"end":{"line":25,"column":13}},"25":{"start":{"line":26,"column":0},"end":{"line":26,"column":16}},"26":{"start":{"line":27,"column":0},"end":{"line":27,"column":2}}},"s":{"0":2,"1":2,"2":2,"3":2,"4":2,"5":2,"6":2,"7":2,"8":2,"9":2,"10":2,"11":2,"12":2,"13":2,"14":2,"15":2,"16":2,"17":2,"18":2,"19":2,"20":2,"21":2,"22":2,"23":2,"24":2,"25":2,"26":2},"branchMap":{},"b":{},"fnMap":{},"f":{}}
,"C:\\Users\\Mpano\\Desktop\\my-brand-Mpano-main\\my-brand-Mpano-main\\models\\Messages.ts": {"path":"C:\\Users\\Mpano\\Desktop\\my-brand-Mpano-main\\my-brand-Mpano-main\\models\\Messages.ts","all":false,"statementMap":{"0":{"start":{"line":1,"column":0},"end":{"line":1,"column":54}},"1":{"start":{"line":2,"column":0},"end":{"line":2,"column":0}},"2":{"start":{"line":3,"column":0},"end":{"line":3,"column":50}},"3":{"start":{"line":4,"column":0},"end":{"line":4,"column":17}},"4":{"start":{"line":5,"column":0},"end":{"line":5,"column":18}},"5":{"start":{"line":6,"column":0},"end":{"line":6,"column":19}},"6":{"start":{"line":7,"column":0},"end":{"line":7,"column":3}},"7":{"start":{"line":8,"column":0},"end":{"line":8,"column":0}},"8":{"start":{"line":9,"column":0},"end":{"line":9,"column":61}},"9":{"start":{"line":10,"column":0},"end":{"line":10,"column":10}},"10":{"start":{"line":11,"column":0},"end":{"line":11,"column":21}},"11":{"start":{"line":12,"column":0},"end":{"line":12,"column":23}},"12":{"start":{"line":13,"column":0},"end":{"line":13,"column":6}},"13":{"start":{"line":14,"column":0},"end":{"line":14,"column":11}},"14":{"start":{"line":15,"column":0},"end":{"line":15,"column":21}},"15":{"start":{"line":16,"column":0},"end":{"line":16,"column":22}},"16":{"start":{"line":17,"column":0},"end":{"line":17,"column":6}},"17":{"start":{"line":18,"column":0},"end":{"line":18,"column":13}},"18":{"start":{"line":19,"column":0},"end":{"line":19,"column":21}},"19":{"start":{"line":20,"column":0},"end":{"line":20,"column":22}},"20":{"start":{"line":21,"column":0},"end":{"line":21,"column":5}},"21":{"start":{"line":22,"column":0},"end":{"line":22,"column":4}},"22":{"start":{"line":23,"column":0},"end":{"line":23,"column":79}},"23":{"start":{"line":24,"column":0},"end":{"line":24,"column":0}},"24":{"start":{"line":25,"column":0},"end":{"line":25,"column":30}}},"s":{"0":2,"1":2,"2":2,"3":2,"4":2,"5":2,"6":2,"7":2,"8":2,"9":2,"10":2,"11":2,"12":2,"13":2,"14":2,"15":2,"16":2,"17":2,"18":2,"19":2,"20":2,"21":2,"22":2,"23":2,"24":2},"branchMap":{},"b":{},"fnMap":{},"f":{}}
,"C:\\Users\\Mpano\\Desktop\\my-brand-Mpano-main\\my-brand-Mpano-main\\models\\Post.ts": {"path":"C:\\Users\\Mpano\\Desktop\\my-brand-Mpano-main\\my-brand-Mpano-main\\models\\Post.ts","all":false,"statementMap":{"0":{"start":{"line":1,"column":0},"end":{"line":1,"column":54}},"1":{"start":{"line":2,"column":0},"end":{"line":2,"column":0}},"2":{"start":{"line":3,"column":0},"end":{"line":3,"column":19}},"3":{"start":{"line":4,"column":0},"end":{"line":4,"column":12}},"4":{"start":{"line":5,"column":0},"end":{"line":5,"column":15}},"5":{"start":{"line":6,"column":0},"end":{"line":6,"column":1}},"6":{"start":{"line":7,"column":0},"end":{"line":7,"column":0}},"7":{"start":{"line":8,"column":0},"end":{"line":8,"column":48}},"8":{"start":{"line":9,"column":0},"end":{"line":9,"column":16}},"9":{"start":{"line":10,"column":0},"end":{"line":10,"column":15}},"10":{"start":{"line":11,"column":0},"end":{"line":11,"column":18}},"11":{"start":{"line":12,"column":0},"end":{"line":12,"column":16}},"12":{"start":{"line":13,"column":0},"end":{"line":13,"column":22}},"13":{"start":{"line":14,"column":0},"end":{"line":14,"column":19}},"14":{"start":{"line":15,"column":0},"end":{"line":15,"column":19}},"15":{"start":{"line":16,"column":0},"end":{"line":16,"column":1}},"16":{"start":{"line":17,"column":0},"end":{"line":17,"column":0}},"17":{"start":{"line":18,"column":0},"end":{"line":18,"column":51}},"18":{"start":{"line":19,"column":0},"end":{"line":19,"column":9}},"19":{"start":{"line":20,"column":0},"end":{"line":20,"column":17}},"20":{"start":{"line":21,"column":0},"end":{"line":21,"column":19}},"21":{"start":{"line":22,"column":0},"end":{"line":22,"column":3}},"22":{"start":{"line":23,"column":0},"end":{"line":23,"column":3}},"23":{"start":{"line":24,"column":0},"end":{"line":24,"column":0}},"24":{"start":{"line":25,"column":0},"end":{"line":25,"column":53}},"25":{"start":{"line":26,"column":0},"end":{"line":26,"column":10}},"26":{"start":{"line":27,"column":0},"end":{"line":27,"column":17}},"27":{"start":{"line":28,"column":0},"end":{"line":28,"column":19}},"28":{"start":{"line":29,"column":0},"end":{"line":29,"column":4}},"29":{"start":{"line":30,"column":0},"end":{"line":30,"column":9}},"30":{"start":{"line":31,"column":0},"end":{"line":31,"column":17}},"31":{"start":{"line":32,"column":0},"end":{"line":32,"column":19}},"32":{"start":{"line":33,"column":0},"end":{"line":33,"column":4}},"33":{"start":{"line":34,"column":0},"end":{"line":34,"column":13}},"34":{"start":{"line":35,"column":0},"end":{"line":35,"column":19}},"35":{"start":{"line":36,"column":0},"end":{"line":36,"column":21}},"36":{"start":{"line":37,"column":0},"end":{"line":37,"column":7}},"37":{"start":{"line":38,"column":0},"end":{"line":38,"column":10}},"38":{"start":{"line":39,"column":0},"end":{"line":39,"column":17}},"39":{"start":{"line":40,"column":0},"end":{"line":40,"column":15}},"40":{"start":{"line":41,"column":0},"end":{"line":41,"column":4}},"41":{"start":{"line":42,"column":0},"end":{"line":42,"column":28}},"42":{"start":{"line":43,"column":0},"end":{"line":43,"column":14}},"43":{"start":{"line":44,"column":0},"end":{"line":44,"column":15}},"44":{"start":{"line":45,"column":0},"end":{"line":45,"column":22}},"45":{"start":{"line":46,"column":0},"end":{"line":46,"column":4}},"46":{"start":{"line":47,"column":0},"end":{"line":47,"column":14}},"47":{"start":{"line":48,"column":0},"end":{"line":48,"column":15}},"48":{"start":{"line":49,"column":0},"end":{"line":49,"column":22}},"49":{"start":{"line":50,"column":0},"end":{"line":50,"column":4}},"50":{"start":{"line":51,"column":0},"end":{"line":51,"column":3}},"51":{"start":{"line":52,"column":0},"end":{"line":52,"column":0}},"52":{"start":{"line":53,"column":0},"end":{"line":53,"column":67}},"53":{"start":{"line":54,"column":0},"end":{"line":54,"column":0}},"54":{"start":{"line":55,"column":0},"end":{"line":55,"column":25}}},"s":{"0":2,"1":2,"2":2,"3":2,"4":2,"5":2,"6":2,"7":2,"8":2,"9":2,"10":2,"11":2,"12":2,"13":2,"14":2,"15":2,"16":2,"17":2,"18":2,"19":2,"20":2,"21":2,"22":2,"23":2,"24":2,"25":2,"26":2,"27":2,"28":2,"29":2,"30":2,"31":2,"32":2,"33":2,"34":2,"35":2,"36":2,"37":2,"38":2,"39":2,"40":2,"41":2,"42":2,"43":2,"44":2,"45":2,"46":2,"47":2,"48":2,"49":2,"50":2,"51":2,"52":2,"53":2,"54":2},"branchMap":{},"b":{},"fnMap":{},"f":{}}
,"C:\\Users\\Mpano\\Desktop\\my-brand-Mpano-main\\my-brand-Mpano-main\\models\\User.ts": {"path":"C:\\Users\\Mpano\\Desktop\\my-brand-Mpano-main\\my-brand-Mpano-main\\models\\User.ts","all":false,"statementMap":{"0":{"start":{"line":1,"column":0},"end":{"line":1,"column":54}},"1":{"start":{"line":2,"column":0},"end":{"line":2,"column":0}},"2":{"start":{"line":3,"column":0},"end":{"line":3,"column":48}},"3":{"start":{"line":4,"column":0},"end":{"line":4,"column":16}},"4":{"start":{"line":5,"column":0},"end":{"line":5,"column":19}},"5":{"start":{"line":6,"column":0},"end":{"line":6,"column":30}},"6":{"start":{"line":7,"column":0},"end":{"line":7,"column":1}},"7":{"start":{"line":8,"column":0},"end":{"line":8,"column":0}},"8":{"start":{"line":9,"column":0},"end":{"line":9,"column":53}},"9":{"start":{"line":10,"column":0},"end":{"line":10,"column":10}},"10":{"start":{"line":11,"column":0},"end":{"line":11,"column":17}},"11":{"start":{"line":12,"column":0},"end":{"line":12,"column":19}},"12":{"start":{"line":13,"column":0},"end":{"line":13,"column":17}},"13":{"start":{"line":14,"column":0},"end":{"line":14,"column":4}},"14":{"start":{"line":15,"column":0},"end":{"line":15,"column":13}},"15":{"start":{"line":16,"column":0},"end":{"line":16,"column":17}},"16":{"start":{"line":17,"column":0},"end":{"line":17,"column":19}},"17":{"start":{"line":18,"column":0},"end":{"line":18,"column":4}},"18":{"start":{"line":19,"column":0},"end":{"line":19,"column":13}},"19":{"start":{"line":20,"column":0},"end":{"line":20,"column":17}},"20":{"start":{"line":21,"column":0},"end":{"line":21,"column":28}},"21":{"start":{"line":22,"column":0},"end":{"line":22,"column":19}},"22":{"start":{"line":23,"column":0},"end":{"line":23,"column":4}},"23":{"start":{"line":24,"column":0},"end":{"line":24,"column":3}},"24":{"start":{"line":25,"column":0},"end":{"line":25,"column":0}},"25":{"start":{"line":26,"column":0},"end":{"line":26,"column":67}},"26":{"start":{"line":27,"column":0},"end":{"line":27,"column":0}},"27":{"start":{"line":28,"column":0},"end":{"line":28,"column":25}}},"s":{"0":2,"1":2,"2":2,"3":2,"4":2,"5":2,"6":2,"7":2,"8":2,"9":2,"10":2,"11":2,"12":2,"13":2,"14":2,"15":2,"16":2,"17":2,"18":2,"19":2,"20":2,"21":2,"22":2,"23":2,"24":2,"25":2,"26":2,"27":2},"branchMap":{},"b":{},"fnMap":{},"f":{}}
,"C:\\Users\\Mpano\\Desktop\\my-brand-Mpano-main\\my-brand-Mpano-main\\routes\\admin.ts": {"path":"C:\\Users\\Mpano\\Desktop\\my-brand-Mpano-main\\my-brand-Mpano-main\\routes\\admin.ts","all":false,"statementMap":{"0":{"start":{"line":1,"column":0},"end":{"line":1,"column":27}},"1":{"start":{"line":2,"column":0},"end":{"line":2,"column":16}},"2":{"start":{"line":3,"column":0},"end":{"line":3,"column":0}},"3":{"start":{"line":4,"column":0},"end":{"line":4,"column":75}},"4":{"start":{"line":5,"column":0},"end":{"line":5,"column":53}},"5":{"start":{"line":6,"column":0},"end":{"line":6,"column":49}},"6":{"start":{"line":7,"column":0},"end":{"line":7,"column":40}},"7":{"start":{"line":8,"column":0},"end":{"line":8,"column":28}},"8":{"start":{"line":9,"column":0},"end":{"line":9,"column":31}},"9":{"start":{"line":10,"column":0},"end":{"line":10,"column":0}},"10":{"start":{"line":11,"column":0},"end":{"line":11,"column":0}},"11":{"start":{"line":12,"column":0},"end":{"line":12,"column":51}},"12":{"start":{"line":13,"column":0},"end":{"line":13,"column":0}},"13":{"start":{"line":14,"column":0},"end":{"line":14,"column":0}},"14":{"start":{"line":15,"column":0},"end":{"line":15,"column":84}},"15":{"start":{"line":16,"column":0},"end":{"line":16,"column":0}},"16":{"start":{"line":17,"column":0},"end":{"line":17,"column":40}},"17":{"start":{"line":18,"column":0},"end":{"line":18,"column":0}},"18":{"start":{"line":19,"column":0},"end":{"line":19,"column":42}},"19":{"start":{"line":20,"column":0},"end":{"line":20,"column":21}},"20":{"start":{"line":21,"column":0},"end":{"line":21,"column":4}},"21":{"start":{"line":22,"column":0},"end":{"line":22,"column":17}},"22":{"start":{"line":23,"column":0},"end":{"line":23,"column":90}},"23":{"start":{"line":24,"column":0},"end":{"line":24,"column":37}},"24":{"start":{"line":25,"column":0},"end":{"line":25,"column":2}},"25":{"start":{"line":26,"column":0},"end":{"line":26,"column":18}},"26":{"start":{"line":27,"column":0},"end":{"line":27,"column":57}},"27":{"start":{"line":28,"column":0},"end":{"line":28,"column":13}},"28":{"start":{"line":29,"column":0},"end":{"line":29,"column":12}},"29":{"start":{"line":30,"column":0},"end":{"line":30,"column":99}},"30":{"start":{"line":31,"column":0},"end":{"line":31,"column":37}},"31":{"start":{"line":32,"column":0},"end":{"line":32,"column":16}},"32":{"start":{"line":33,"column":0},"end":{"line":33,"column":24}},"33":{"start":{"line":34,"column":0},"end":{"line":34,"column":30}},"34":{"start":{"line":35,"column":0},"end":{"line":35,"column":59}},"35":{"start":{"line":36,"column":0},"end":{"line":36,"column":8}},"36":{"start":{"line":37,"column":0},"end":{"line":37,"column":6}},"37":{"start":{"line":38,"column":0},"end":{"line":38,"column":5}},"38":{"start":{"line":39,"column":0},"end":{"line":39,"column":0}},"39":{"start":{"line":40,"column":0},"end":{"line":40,"column":138}},"40":{"start":{"line":41,"column":0},"end":{"line":41,"column":7}},"41":{"start":{"line":42,"column":0},"end":{"line":42,"column":58}},"42":{"start":{"line":43,"column":0},"end":{"line":43,"column":0}},"43":{"start":{"line":44,"column":0},"end":{"line":44,"column":31}},"44":{"start":{"line":45,"column":0},"end":{"line":45,"column":94}},"45":{"start":{"line":46,"column":0},"end":{"line":46,"column":5}},"46":{"start":{"line":47,"column":0},"end":{"line":47,"column":0}},"47":{"start":{"line":48,"column":0},"end":{"line":48,"column":52}},"48":{"start":{"line":49,"column":0},"end":{"line":49,"column":0}},"49":{"start":{"line":50,"column":0},"end":{"line":50,"column":17}},"50":{"start":{"line":51,"column":0},"end":{"line":51,"column":78}},"51":{"start":{"line":52,"column":0},"end":{"line":52,"column":5}},"52":{"start":{"line":53,"column":0},"end":{"line":53,"column":42}},"53":{"start":{"line":54,"column":0},"end":{"line":54,"column":0}},"54":{"start":{"line":55,"column":0},"end":{"line":55,"column":9}},"55":{"start":{"line":56,"column":0},"end":{"line":56,"column":67}},"56":{"start":{"line":57,"column":0},"end":{"line":57,"column":51}},"57":{"start":{"line":58,"column":0},"end":{"line":58,"column":0}},"58":{"start":{"line":59,"column":0},"end":{"line":59,"column":50}},"59":{"start":{"line":60,"column":0},"end":{"line":60,"column":66}},"60":{"start":{"line":61,"column":0},"end":{"line":61,"column":7}},"61":{"start":{"line":62,"column":0},"end":{"line":62,"column":0}},"62":{"start":{"line":63,"column":0},"end":{"line":63,"column":81}},"63":{"start":{"line":64,"column":0},"end":{"line":64,"column":0}},"64":{"start":{"line":65,"column":0},"end":{"line":65,"column":39}},"65":{"start":{"line":66,"column":0},"end":{"line":66,"column":24}},"66":{"start":{"line":67,"column":0},"end":{"line":67,"column":15}},"67":{"start":{"line":68,"column":0},"end":{"line":68,"column":14}},"68":{"start":{"line":69,"column":0},"end":{"line":69,"column":95}},"69":{"start":{"line":70,"column":0},"end":{"line":70,"column":7}},"70":{"start":{"line":71,"column":0},"end":{"line":71,"column":19}},"71":{"start":{"line":72,"column":0},"end":{"line":72,"column":49}},"72":{"start":{"line":73,"column":0},"end":{"line":73,"column":64}},"73":{"start":{"line":74,"column":0},"end":{"line":74,"column":5}},"74":{"start":{"line":75,"column":0},"end":{"line":75,"column":22}},"75":{"start":{"line":76,"column":0},"end":{"line":76,"column":43}},"76":{"start":{"line":77,"column":0},"end":{"line":77,"column":64}},"77":{"start":{"line":78,"column":0},"end":{"line":78,"column":50}},"78":{"start":{"line":79,"column":0},"end":{"line":79,"column":64}},"79":{"start":{"line":80,"column":0},"end":{"line":80,"column":12}},"80":{"start":{"line":81,"column":0},"end":{"line":81,"column":46}},"81":{"start":{"line":82,"column":0},"end":{"line":82,"column":100}},"82":{"start":{"line":83,"column":0},"end":{"line":83,"column":5}},"83":{"start":{"line":84,"column":0},"end":{"line":84,"column":3}},"84":{"start":{"line":85,"column":0},"end":{"line":85,"column":2}},"85":{"start":{"line":86,"column":0},"end":{"line":86,"column":0}},"86":{"start":{"line":87,"column":0},"end":{"line":87,"column":30}},"87":{"start":{"line":88,"column":0},"end":{"line":88,"column":30}},"88":{"start":{"line":89,"column":0},"end":{"line":89,"column":68}},"89":{"start":{"line":90,"column":0},"end":{"line":90,"column":7}},"90":{"start":{"line":91,"column":0},"end":{"line":91,"column":41}},"91":{"start":{"line":92,"column":0},"end":{"line":92,"column":4}},"92":{"start":{"line":93,"column":0},"end":{"line":93,"column":31}},"93":{"start":{"line":94,"column":0},"end":{"line":94,"column":53}},"94":{"start":{"line":95,"column":0},"end":{"line":95,"column":0}},"95":{"start":{"line":96,"column":0},"end":{"line":96,"column":40}},"96":{"start":{"line":97,"column":0},"end":{"line":97,"column":70}},"97":{"start":{"line":98,"column":0},"end":{"line":98,"column":5}},"98":{"start":{"line":99,"column":0},"end":{"line":99,"column":0}},"99":{"start":{"line":100,"column":0},"end":{"line":100,"column":47}},"100":{"start":{"line":101,"column":0},"end":{"line":101,"column":0}},"101":{"start":{"line":102,"column":0},"end":{"line":102,"column":16}},"102":{"start":{"line":103,"column":0},"end":{"line":103,"column":70}},"103":{"start":{"line":104,"column":0},"end":{"line":104,"column":5}},"104":{"start":{"line":105,"column":0},"end":{"line":105,"column":0}},"105":{"start":{"line":106,"column":0},"end":{"line":106,"column":74}},"106":{"start":{"line":107,"column":0},"end":{"line":107,"column":0}},"107":{"start":{"line":108,"column":0},"end":{"line":108,"column":27}},"108":{"start":{"line":109,"column":0},"end":{"line":109,"column":70}},"109":{"start":{"line":110,"column":0},"end":{"line":110,"column":5}},"110":{"start":{"line":111,"column":0},"end":{"line":111,"column":0}},"111":{"start":{"line":112,"column":0},"end":{"line":112,"column":25}},"112":{"start":{"line":113,"column":0},"end":{"line":113,"column":27}},"113":{"start":{"line":114,"column":0},"end":{"line":114,"column":71}},"114":{"start":{"line":115,"column":0},"end":{"line":115,"column":30}},"115":{"start":{"line":116,"column":0},"end":{"line":116,"column":44}},"116":{"start":{"line":117,"column":0},"end":{"line":117,"column":6}},"117":{"start":{"line":118,"column":0},"end":{"line":118,"column":25}},"118":{"start":{"line":119,"column":0},"end":{"line":119,"column":36}},"119":{"start":{"line":120,"column":0},"end":{"line":120,"column":68}},"120":{"start":{"line":121,"column":0},"end":{"line":121,"column":0}},"121":{"start":{"line":122,"column":0},"end":{"line":122,"column":19}},"122":{"start":{"line":123,"column":0},"end":{"line":123,"column":23}},"123":{"start":{"line":124,"column":0},"end":{"line":124,"column":63}},"124":{"start":{"line":125,"column":0},"end":{"line":125,"column":3}},"125":{"start":{"line":126,"column":0},"end":{"line":126,"column":33}},"126":{"start":{"line":127,"column":0},"end":{"line":127,"column":0}},"127":{"start":{"line":128,"column":0},"end":{"line":128,"column":0}},"128":{"start":{"line":129,"column":0},"end":{"line":129,"column":16}},"129":{"start":{"line":130,"column":0},"end":{"line":130,"column":71}},"130":{"start":{"line":131,"column":0},"end":{"line":131,"column":7}},"131":{"start":{"line":132,"column":0},"end":{"line":132,"column":50}},"132":{"start":{"line":133,"column":0},"end":{"line":133,"column":0}},"133":{"start":{"line":134,"column":0},"end":{"line":134,"column":31}},"134":{"start":{"line":135,"column":0},"end":{"line":135,"column":73}},"135":{"start":{"line":136,"column":0},"end":{"line":136,"column":0}},"136":{"start":{"line":137,"column":0},"end":{"line":137,"column":27}},"137":{"start":{"line":138,"column":0},"end":{"line":138,"column":84}},"138":{"start":{"line":139,"column":0},"end":{"line":139,"column":5}},"139":{"start":{"line":140,"column":0},"end":{"line":140,"column":59}},"140":{"start":{"line":141,"column":0},"end":{"line":141,"column":72}},"141":{"start":{"line":142,"column":0},"end":{"line":142,"column":0}},"142":{"start":{"line":143,"column":0},"end":{"line":143,"column":57}},"143":{"start":{"line":144,"column":0},"end":{"line":144,"column":60}},"144":{"start":{"line":145,"column":0},"end":{"line":145,"column":0}},"145":{"start":{"line":146,"column":0},"end":{"line":146,"column":67}},"146":{"start":{"line":147,"column":0},"end":{"line":147,"column":19}},"147":{"start":{"line":148,"column":0},"end":{"line":148,"column":23}},"148":{"start":{"line":149,"column":0},"end":{"line":149,"column":0}},"149":{"start":{"line":150,"column":0},"end":{"line":150,"column":40}},"150":{"start":{"line":151,"column":0},"end":{"line":151,"column":63}},"151":{"start":{"line":152,"column":0},"end":{"line":152,"column":12}},"152":{"start":{"line":153,"column":0},"end":{"line":153,"column":65}},"153":{"start":{"line":154,"column":0},"end":{"line":154,"column":5}},"154":{"start":{"line":155,"column":0},"end":{"line":155,"column":3}},"155":{"start":{"line":156,"column":0},"end":{"line":156,"column":3}},"156":{"start":{"line":157,"column":0},"end":{"line":157,"column":16}},"157":{"start":{"line":158,"column":0},"end":{"line":158,"column":62}},"158":{"start":{"line":159,"column":0},"end":{"line":159,"column":7}},"159":{"start":{"line":160,"column":0},"end":{"line":160,"column":36}},"160":{"start":{"line":161,"column":0},"end":{"line":161,"column":0}},"161":{"start":{"line":162,"column":0},"end":{"line":162,"column":24}},"162":{"start":{"line":163,"column":0},"end":{"line":163,"column":19}},"163":{"start":{"line":164,"column":0},"end":{"line":164,"column":24}},"164":{"start":{"line":165,"column":0},"end":{"line":165,"column":63}},"165":{"start":{"line":166,"column":0},"end":{"line":166,"column":3}},"166":{"start":{"line":167,"column":0},"end":{"line":167,"column":3}},"167":{"start":{"line":168,"column":0},"end":{"line":168,"column":0}},"168":{"start":{"line":169,"column":0},"end":{"line":169,"column":20}},"169":{"start":{"line":170,"column":0},"end":{"line":170,"column":80}},"170":{"start":{"line":171,"column":0},"end":{"line":171,"column":7}},"171":{"start":{"line":172,"column":0},"end":{"line":172,"column":37}},"172":{"start":{"line":173,"column":0},"end":{"line":173,"column":51}},"173":{"start":{"line":174,"column":0},"end":{"line":174,"column":0}},"174":{"start":{"line":175,"column":0},"end":{"line":175,"column":45}},"175":{"start":{"line":176,"column":0},"end":{"line":176,"column":0}},"176":{"start":{"line":177,"column":0},"end":{"line":177,"column":16}},"177":{"start":{"line":178,"column":0},"end":{"line":178,"column":65}},"178":{"start":{"line":179,"column":0},"end":{"line":179,"column":5}},"179":{"start":{"line":180,"column":0},"end":{"line":180,"column":0}},"180":{"start":{"line":181,"column":0},"end":{"line":181,"column":25}},"181":{"start":{"line":182,"column":0},"end":{"line":182,"column":37}},"182":{"start":{"line":183,"column":0},"end":{"line":183,"column":116}},"183":{"start":{"line":184,"column":0},"end":{"line":184,"column":47}},"184":{"start":{"line":185,"column":0},"end":{"line":185,"column":0}},"185":{"start":{"line":186,"column":0},"end":{"line":186,"column":28}},"186":{"start":{"line":187,"column":0},"end":{"line":187,"column":22}},"187":{"start":{"line":188,"column":0},"end":{"line":188,"column":0}},"188":{"start":{"line":189,"column":0},"end":{"line":189,"column":61}},"189":{"start":{"line":190,"column":0},"end":{"line":190,"column":19}},"190":{"start":{"line":191,"column":0},"end":{"line":191,"column":23}},"191":{"start":{"line":192,"column":0},"end":{"line":192,"column":63}},"192":{"start":{"line":193,"column":0},"end":{"line":193,"column":3}},"193":{"start":{"line":194,"column":0},"end":{"line":194,"column":3}},"194":{"start":{"line":195,"column":0},"end":{"line":195,"column":0}},"195":{"start":{"line":196,"column":0},"end":{"line":196,"column":14}},"196":{"start":{"line":197,"column":0},"end":{"line":197,"column":83}},"197":{"start":{"line":198,"column":0},"end":{"line":198,"column":7}},"198":{"start":{"line":199,"column":0},"end":{"line":199,"column":33}},"199":{"start":{"line":200,"column":0},"end":{"line":200,"column":114}},"200":{"start":{"line":201,"column":0},"end":{"line":201,"column":0}},"201":{"start":{"line":202,"column":0},"end":{"line":202,"column":15}},"202":{"start":{"line":203,"column":0},"end":{"line":203,"column":31}},"203":{"start":{"line":204,"column":0},"end":{"line":204,"column":12}},"204":{"start":{"line":205,"column":0},"end":{"line":205,"column":45}},"205":{"start":{"line":206,"column":0},"end":{"line":206,"column":5}},"206":{"start":{"line":207,"column":0},"end":{"line":207,"column":19}},"207":{"start":{"line":208,"column":0},"end":{"line":208,"column":23}},"208":{"start":{"line":209,"column":0},"end":{"line":209,"column":50}},"209":{"start":{"line":210,"column":0},"end":{"line":210,"column":3}},"210":{"start":{"line":211,"column":0},"end":{"line":211,"column":3}},"211":{"start":{"line":212,"column":0},"end":{"line":212,"column":23}},"212":{"start":{"line":213,"column":0},"end":{"line":213,"column":82}},"213":{"start":{"line":214,"column":0},"end":{"line":214,"column":7}},"214":{"start":{"line":215,"column":0},"end":{"line":215,"column":33}},"215":{"start":{"line":216,"column":0},"end":{"line":216,"column":4}},"216":{"start":{"line":217,"column":0},"end":{"line":217,"column":30}},"217":{"start":{"line":218,"column":0},"end":{"line":218,"column":45}},"218":{"start":{"line":219,"column":0},"end":{"line":219,"column":0}},"219":{"start":{"line":220,"column":0},"end":{"line":220,"column":16}},"220":{"start":{"line":221,"column":0},"end":{"line":221,"column":65}},"221":{"start":{"line":222,"column":0},"end":{"line":222,"column":5}},"222":{"start":{"line":223,"column":0},"end":{"line":223,"column":0}},"223":{"start":{"line":224,"column":0},"end":{"line":224,"column":52}},"224":{"start":{"line":225,"column":0},"end":{"line":225,"column":87}},"225":{"start":{"line":226,"column":0},"end":{"line":226,"column":24}},"226":{"start":{"line":227,"column":0},"end":{"line":227,"column":19}},"227":{"start":{"line":228,"column":0},"end":{"line":228,"column":23}},"228":{"start":{"line":229,"column":0},"end":{"line":229,"column":63}},"229":{"start":{"line":230,"column":0},"end":{"line":230,"column":3}},"230":{"start":{"line":231,"column":0},"end":{"line":231,"column":3}},"231":{"start":{"line":232,"column":0},"end":{"line":232,"column":0}},"232":{"start":{"line":233,"column":0},"end":{"line":233,"column":20}},"233":{"start":{"line":234,"column":0},"end":{"line":234,"column":86}},"234":{"start":{"line":235,"column":0},"end":{"line":235,"column":7}},"235":{"start":{"line":236,"column":0},"end":{"line":236,"column":33}},"236":{"start":{"line":237,"column":0},"end":{"line":237,"column":37}},"237":{"start":{"line":238,"column":0},"end":{"line":238,"column":67}},"238":{"start":{"line":239,"column":0},"end":{"line":239,"column":13}},"239":{"start":{"line":240,"column":0},"end":{"line":240,"column":53}},"240":{"start":{"line":241,"column":0},"end":{"line":241,"column":19}},"241":{"start":{"line":242,"column":0},"end":{"line":242,"column":6}},"242":{"start":{"line":243,"column":0},"end":{"line":243,"column":0}},"243":{"start":{"line":244,"column":0},"end":{"line":244,"column":15}},"244":{"start":{"line":245,"column":0},"end":{"line":245,"column":31}},"245":{"start":{"line":246,"column":0},"end":{"line":246,"column":12}},"246":{"start":{"line":247,"column":0},"end":{"line":247,"column":45}},"247":{"start":{"line":248,"column":0},"end":{"line":248,"column":5}},"248":{"start":{"line":249,"column":0},"end":{"line":249,"column":19}},"249":{"start":{"line":250,"column":0},"end":{"line":250,"column":23}},"250":{"start":{"line":251,"column":0},"end":{"line":251,"column":50}},"251":{"start":{"line":252,"column":0},"end":{"line":252,"column":3}},"252":{"start":{"line":253,"column":0},"end":{"line":253,"column":3}},"253":{"start":{"line":254,"column":0},"end":{"line":254,"column":0}},"254":{"start":{"line":255,"column":0},"end":{"line":255,"column":26}},"255":{"start":{"line":256,"column":0},"end":{"line":256,"column":86}},"256":{"start":{"line":257,"column":0},"end":{"line":257,"column":7}},"257":{"start":{"line":258,"column":0},"end":{"line":258,"column":32}},"258":{"start":{"line":259,"column":0},"end":{"line":259,"column":4}},"259":{"start":{"line":260,"column":0},"end":{"line":260,"column":30}},"260":{"start":{"line":261,"column":0},"end":{"line":261,"column":45}},"261":{"start":{"line":262,"column":0},"end":{"line":262,"column":0}},"262":{"start":{"line":263,"column":0},"end":{"line":263,"column":16}},"263":{"start":{"line":264,"column":0},"end":{"line":264,"column":65}},"264":{"start":{"line":265,"column":0},"end":{"line":265,"column":5}},"265":{"start":{"line":266,"column":0},"end":{"line":266,"column":0}},"266":{"start":{"line":267,"column":0},"end":{"line":267,"column":50}},"267":{"start":{"line":268,"column":0},"end":{"line":268,"column":41}},"268":{"start":{"line":269,"column":0},"end":{"line":269,"column":27}},"269":{"start":{"line":270,"column":0},"end":{"line":270,"column":19}},"270":{"start":{"line":271,"column":0},"end":{"line":271,"column":23}},"271":{"start":{"line":272,"column":0},"end":{"line":272,"column":63}},"272":{"start":{"line":273,"column":0},"end":{"line":273,"column":3}},"273":{"start":{"line":274,"column":0},"end":{"line":274,"column":3}},"274":{"start":{"line":275,"column":0},"end":{"line":275,"column":0}},"275":{"start":{"line":276,"column":0},"end":{"line":276,"column":0}},"276":{"start":{"line":277,"column":0},"end":{"line":277,"column":17}},"277":{"start":{"line":278,"column":0},"end":{"line":278,"column":67}},"278":{"start":{"line":279,"column":0},"end":{"line":279,"column":7}},"279":{"start":{"line":280,"column":0},"end":{"line":280,"column":9}},"280":{"start":{"line":281,"column":0},"end":{"line":281,"column":32}},"281":{"start":{"line":282,"column":0},"end":{"line":282,"column":30}},"282":{"start":{"line":283,"column":0},"end":{"line":283,"column":28}},"283":{"start":{"line":284,"column":0},"end":{"line":284,"column":9}},"284":{"start":{"line":285,"column":0},"end":{"line":285,"column":0}},"285":{"start":{"line":286,"column":0},"end":{"line":286,"column":58}},"286":{"start":{"line":287,"column":0},"end":{"line":287,"column":0}},"287":{"start":{"line":288,"column":0},"end":{"line":288,"column":33}},"288":{"start":{"line":289,"column":0},"end":{"line":289,"column":90}},"289":{"start":{"line":290,"column":0},"end":{"line":290,"column":7}},"290":{"start":{"line":291,"column":0},"end":{"line":291,"column":0}},"291":{"start":{"line":292,"column":0},"end":{"line":292,"column":33}},"292":{"start":{"line":293,"column":0},"end":{"line":293,"column":24}},"293":{"start":{"line":294,"column":0},"end":{"line":294,"column":21}},"294":{"start":{"line":295,"column":0},"end":{"line":295,"column":25}},"295":{"start":{"line":296,"column":0},"end":{"line":296,"column":5}},"296":{"start":{"line":297,"column":0},"end":{"line":297,"column":19}},"297":{"start":{"line":298,"column":0},"end":{"line":298,"column":23}},"298":{"start":{"line":299,"column":0},"end":{"line":299,"column":3}},"299":{"start":{"line":300,"column":0},"end":{"line":300,"column":3}},"300":{"start":{"line":301,"column":0},"end":{"line":301,"column":65}},"301":{"start":{"line":302,"column":0},"end":{"line":302,"column":7}},"302":{"start":{"line":303,"column":0},"end":{"line":303,"column":9}},"303":{"start":{"line":304,"column":0},"end":{"line":304,"column":38}},"304":{"start":{"line":305,"column":0},"end":{"line":305,"column":28}},"305":{"start":{"line":306,"column":0},"end":{"line":306,"column":30}},"306":{"start":{"line":307,"column":0},"end":{"line":307,"column":34}},"307":{"start":{"line":308,"column":0},"end":{"line":308,"column":9}},"308":{"start":{"line":309,"column":0},"end":{"line":309,"column":0}},"309":{"start":{"line":310,"column":0},"end":{"line":310,"column":61}},"310":{"start":{"line":311,"column":0},"end":{"line":311,"column":67}},"311":{"start":{"line":312,"column":0},"end":{"line":312,"column":0}},"312":{"start":{"line":313,"column":0},"end":{"line":313,"column":96}},"313":{"start":{"line":314,"column":0},"end":{"line":314,"column":36}},"314":{"start":{"line":315,"column":0},"end":{"line":315,"column":93}},"315":{"start":{"line":316,"column":0},"end":{"line":316,"column":7}},"316":{"start":{"line":317,"column":0},"end":{"line":317,"column":0}},"317":{"start":{"line":318,"column":0},"end":{"line":318,"column":66}},"318":{"start":{"line":319,"column":0},"end":{"line":319,"column":39}},"319":{"start":{"line":320,"column":0},"end":{"line":320,"column":6}},"320":{"start":{"line":321,"column":0},"end":{"line":321,"column":51}},"321":{"start":{"line":322,"column":0},"end":{"line":322,"column":27}},"322":{"start":{"line":323,"column":0},"end":{"line":323,"column":21}},"323":{"start":{"line":324,"column":0},"end":{"line":324,"column":25}},"324":{"start":{"line":325,"column":0},"end":{"line":325,"column":5}},"325":{"start":{"line":326,"column":0},"end":{"line":326,"column":19}},"326":{"start":{"line":327,"column":0},"end":{"line":327,"column":23}},"327":{"start":{"line":328,"column":0},"end":{"line":328,"column":3}},"328":{"start":{"line":329,"column":0},"end":{"line":329,"column":3}},"329":{"start":{"line":330,"column":0},"end":{"line":330,"column":41}},"330":{"start":{"line":331,"column":0},"end":{"line":331,"column":7}},"331":{"start":{"line":332,"column":0},"end":{"line":332,"column":42}},"332":{"start":{"line":333,"column":0},"end":{"line":333,"column":0}},"333":{"start":{"line":334,"column":0},"end":{"line":334,"column":27}},"334":{"start":{"line":335,"column":0},"end":{"line":335,"column":19}},"335":{"start":{"line":336,"column":0},"end":{"line":336,"column":23}},"336":{"start":{"line":337,"column":0},"end":{"line":337,"column":63}},"337":{"start":{"line":338,"column":0},"end":{"line":338,"column":3}},"338":{"start":{"line":339,"column":0},"end":{"line":339,"column":3}},"339":{"start":{"line":340,"column":0},"end":{"line":340,"column":19}},"340":{"start":{"line":341,"column":0},"end":{"line":341,"column":70}},"341":{"start":{"line":342,"column":0},"end":{"line":342,"column":7}},"342":{"start":{"line":343,"column":0},"end":{"line":343,"column":37}},"343":{"start":{"line":344,"column":0},"end":{"line":344,"column":0}},"344":{"start":{"line":345,"column":0},"end":{"line":345,"column":26}},"345":{"start":{"line":346,"column":0},"end":{"line":346,"column":83}},"346":{"start":{"line":347,"column":0},"end":{"line":347,"column":5}},"347":{"start":{"line":348,"column":0},"end":{"line":348,"column":0}},"348":{"start":{"line":349,"column":0},"end":{"line":349,"column":90}},"349":{"start":{"line":350,"column":0},"end":{"line":350,"column":12}},"350":{"start":{"line":351,"column":0},"end":{"line":351,"column":11}},"351":{"start":{"line":352,"column":0},"end":{"line":352,"column":28}},"352":{"start":{"line":353,"column":0},"end":{"line":353,"column":7}},"353":{"start":{"line":354,"column":0},"end":{"line":354,"column":0}},"354":{"start":{"line":355,"column":0},"end":{"line":355,"column":22}},"355":{"start":{"line":356,"column":0},"end":{"line":356,"column":28}},"356":{"start":{"line":357,"column":0},"end":{"line":357,"column":12}},"357":{"start":{"line":358,"column":0},"end":{"line":358,"column":45}},"358":{"start":{"line":359,"column":0},"end":{"line":359,"column":5}},"359":{"start":{"line":360,"column":0},"end":{"line":360,"column":19}},"360":{"start":{"line":361,"column":0},"end":{"line":361,"column":23}},"361":{"start":{"line":362,"column":0},"end":{"line":362,"column":61}},"362":{"start":{"line":363,"column":0},"end":{"line":363,"column":3}},"363":{"start":{"line":364,"column":0},"end":{"line":364,"column":3}},"364":{"start":{"line":365,"column":0},"end":{"line":365,"column":0}},"365":{"start":{"line":366,"column":0},"end":{"line":366,"column":9}},"366":{"start":{"line":367,"column":0},"end":{"line":367,"column":73}},"367":{"start":{"line":368,"column":0},"end":{"line":368,"column":7}},"368":{"start":{"line":369,"column":0},"end":{"line":369,"column":69}},"369":{"start":{"line":370,"column":0},"end":{"line":370,"column":26}},"370":{"start":{"line":371,"column":0},"end":{"line":371,"column":19}},"371":{"start":{"line":372,"column":0},"end":{"line":372,"column":23}},"372":{"start":{"line":373,"column":0},"end":{"line":373,"column":50}},"373":{"start":{"line":374,"column":0},"end":{"line":374,"column":3}},"374":{"start":{"line":375,"column":0},"end":{"line":375,"column":3}},"375":{"start":{"line":376,"column":0},"end":{"line":376,"column":0}},"376":{"start":{"line":377,"column":0},"end":{"line":377,"column":0}},"377":{"start":{"line":378,"column":0},"end":{"line":378,"column":0}},"378":{"start":{"line":379,"column":0},"end":{"line":379,"column":0}},"379":{"start":{"line":380,"column":0},"end":{"line":380,"column":22}}},"s":{"0":2,"1":2,"2":2,"3":2,"4":2,"5":2,"6":2,"7":2,"8":2,"9":2,"10":2,"11":2,"12":2,"13":2,"14":2,"15":2,"16":2,"17":2,"18":2,"19":2,"20":2,"21":2,"22":2,"23":2,"24":2,"25":2,"26":2,"27":2,"28":2,"29":2,"30":2,"31":2,"32":2,"33":2,"34":2,"35":2,"36":2,"37":2,"38":2,"39":2,"40":11,"41":11,"42":11,"43":11,"44":0,"45":0,"46":11,"47":11,"48":11,"49":11,"50":0,"51":0,"52":11,"53":11,"54":11,"55":11,"56":11,"57":11,"58":11,"59":0,"60":0,"61":0,"62":0,"63":0,"64":11,"65":0,"66":0,"67":0,"68":0,"69":0,"70":11,"71":11,"72":11,"73":11,"74":11,"75":0,"76":0,"77":0,"78":0,"79":0,"80":0,"81":0,"82":0,"83":0,"84":11,"85":2,"86":2,"87":2,"88":2,"89":4,"90":4,"91":4,"92":4,"93":4,"94":4,"95":4,"96":1,"97":1,"98":3,"99":3,"100":3,"101":3,"102":3,"103":3,"104":0,"105":0,"106":0,"107":0,"108":0,"109":0,"110":0,"111":0,"112":0,"113":0,"114":0,"115":0,"116":0,"117":0,"118":0,"119":0,"120":0,"121":0,"122":0,"123":0,"124":0,"125":2,"126":2,"127":2,"128":2,"129":2,"130":3,"131":3,"132":3,"133":3,"134":3,"135":3,"136":3,"137":1,"138":1,"139":2,"140":2,"141":0,"142":0,"143":0,"144":0,"145":0,"146":3,"147":2,"148":2,"149":2,"150":2,"151":2,"152":0,"153":0,"154":2,"155":2,"156":2,"157":2,"158":2,"159":2,"160":1,"161":1,"162":1,"163":1,"164":1,"165":1,"166":2,"167":2,"168":2,"169":2,"170":0,"171":0,"172":0,"173":0,"174":0,"175":0,"176":0,"177":0,"178":0,"179":0,"180":0,"181":0,"182":0,"183":0,"184":0,"185":0,"186":0,"187":0,"188":0,"189":0,"190":0,"191":0,"192":0,"193":2,"194":2,"195":2,"196":2,"197":0,"198":0,"199":0,"200":0,"201":0,"202":0,"203":0,"204":0,"205":0,"206":0,"207":0,"208":0,"209":0,"210":2,"211":2,"212":2,"213":0,"214":0,"215":0,"216":0,"217":0,"218":0,"219":0,"220":0,"221":0,"222":0,"223":0,"224":0,"225":0,"226":0,"227":0,"228":0,"229":0,"230":2,"231":2,"232":2,"233":2,"234":0,"235":0,"236":0,"237":0,"238":0,"239":0,"240":0,"241":0,"242":0,"243":0,"244":0,"245":0,"246":0,"247":0,"248":0,"249":0,"250":0,"251":0,"252":2,"253":2,"254":2,"255":2,"256":0,"257":0,"258":0,"259":0,"260":0,"261":0,"262":0,"263":0,"264":0,"265":0,"266":0,"267":0,"268":0,"269":0,"270":0,"271":0,"272":0,"273":2,"274":2,"275":2,"276":2,"277":2,"278":3,"279":3,"280":3,"281":3,"282":3,"283":3,"284":3,"285":3,"286":3,"287":3,"288":1,"289":1,"290":2,"291":2,"292":1,"293":1,"294":1,"295":1,"296":3,"297":0,"298":0,"299":2,"300":2,"301":2,"302":2,"303":2,"304":2,"305":2,"306":2,"307":2,"308":2,"309":2,"310":2,"311":2,"312":2,"313":2,"314":1,"315":1,"316":1,"317":1,"318":1,"319":1,"320":1,"321":1,"322":2,"323":0,"324":0,"325":2,"326":0,"327":0,"328":2,"329":2,"330":2,"331":2,"332":1,"333":1,"334":1,"335":1,"336":1,"337":1,"338":2,"339":2,"340":2,"341":2,"342":2,"343":2,"344":2,"345":0,"346":0,"347":2,"348":2,"349":2,"350":2,"351":2,"352":2,"353":0,"354":0,"355":0,"356":0,"357":0,"358":0,"359":2,"360":2,"361":2,"362":2,"363":2,"364":2,"365":2,"366":2,"367":2,"368":2,"369":0,"370":2,"371":2,"372":2,"373":2,"374":2,"375":2,"376":2,"377":2,"378":2,"379":2},"branchMap":{"0":{"type":"branch","line":40,"loc":{"start":{"line":40,"column":26},"end":{"line":85,"column":2}},"locations":[{"start":{"line":40,"column":26},"end":{"line":85,"column":2}}]},"1":{"type":"branch","line":40,"loc":{"start":{"line":40,"column":136},"end":{"line":85,"column":2}},"locations":[{"start":{"line":40,"column":136},"end":{"line":85,"column":2}}]},"2":{"type":"branch","line":44,"loc":{"start":{"line":44,"column":30},"end":{"line":46,"column":5}},"locations":[{"start":{"line":44,"column":30},"end":{"line":46,"column":5}}]},"3":{"type":"branch","line":50,"loc":{"start":{"line":50,"column":16},"end":{"line":52,"column":5}},"locations":[{"start":{"line":50,"column":16},"end":{"line":52,"column":5}}]},"4":{"type":"branch","line":56,"loc":{"start":{"line":56,"column":59},"end":{"line":56,"column":65}},"locations":[{"start":{"line":56,"column":59},"end":{"line":56,"column":65}}]},"5":{"type":"branch","line":59,"loc":{"start":{"line":59,"column":23},"end":{"line":59,"column":47}},"locations":[{"start":{"line":59,"column":23},"end":{"line":59,"column":47}}]},"6":{"type":"branch","line":59,"loc":{"start":{"line":59,"column":49},"end":{"line":65,"column":16}},"locations":[{"start":{"line":59,"column":49},"end":{"line":65,"column":16}}]},"7":{"type":"branch","line":65,"loc":{"start":{"line":65,"column":14},"end":{"line":65,"column":16}},"locations":[{"start":{"line":65,"column":14},"end":{"line":65,"column":16}}]},"8":{"type":"branch","line":65,"loc":{"start":{"line":65,"column":14},"end":{"line":65,"column":24}},"locations":[{"start":{"line":65,"column":14},"end":{"line":65,"column":24}}]},"9":{"type":"branch","line":65,"loc":{"start":{"line":65,"column":38},"end":{"line":70,"column":7}},"locations":[{"start":{"line":65,"column":38},"end":{"line":70,"column":7}}]},"10":{"type":"branch","line":75,"loc":{"start":{"line":75,"column":4},"end":{"line":84,"column":3}},"locations":[{"start":{"line":75,"column":4},"end":{"line":84,"column":3}}]},"11":{"type":"branch","line":89,"loc":{"start":{"line":89,"column":28},"end":{"line":126,"column":2}},"locations":[{"start":{"line":89,"column":28},"end":{"line":126,"column":2}}]},"12":{"type":"branch","line":89,"loc":{"start":{"line":89,"column":66},"end":{"line":126,"column":2}},"locations":[{"start":{"line":89,"column":66},"end":{"line":126,"column":2}}]},"13":{"type":"branch","line":96,"loc":{"start":{"line":96,"column":39},"end":{"line":98,"column":5}},"locations":[{"start":{"line":96,"column":39},"end":{"line":98,"column":5}}]},"14":{"type":"branch","line":99,"loc":{"start":{"line":99,"column":-2},"end":{"line":104,"column":5}},"locations":[{"start":{"line":99,"column":-2},"end":{"line":104,"column":5}}]},"15":{"type":"branch","line":105,"loc":{"start":{"line":105,"column":-2},"end":{"line":125,"column":3}},"locations":[{"start":{"line":105,"column":-2},"end":{"line":125,"column":3}}]},"16":{"type":"branch","line":130,"loc":{"start":{"line":130,"column":31},"end":{"line":156,"column":2}},"locations":[{"start":{"line":130,"column":31},"end":{"line":156,"column":2}}]},"17":{"type":"branch","line":130,"loc":{"start":{"line":130,"column":69},"end":{"line":156,"column":2}},"locations":[{"start":{"line":130,"column":69},"end":{"line":156,"column":2}}]},"18":{"type":"branch","line":137,"loc":{"start":{"line":137,"column":26},"end":{"line":139,"column":5}},"locations":[{"start":{"line":137,"column":26},"end":{"line":139,"column":5}}]},"19":{"type":"branch","line":140,"loc":{"start":{"line":140,"column":-2},"end":{"line":141,"column":72}},"locations":[{"start":{"line":140,"column":-2},"end":{"line":141,"column":72}}]},"20":{"type":"branch","line":142,"loc":{"start":{"line":142,"column":-2},"end":{"line":147,"column":11}},"locations":[{"start":{"line":142,"column":-2},"end":{"line":147,"column":11}}]},"21":{"type":"branch","line":147,"loc":{"start":{"line":147,"column":4},"end":{"line":155,"column":3}},"locations":[{"start":{"line":147,"column":4},"end":{"line":155,"column":3}}]},"22":{"type":"branch","line":152,"loc":{"start":{"line":152,"column":5},"end":{"line":154,"column":5}},"locations":[{"start":{"line":152,"column":5},"end":{"line":154,"column":5}}]},"23":{"type":"branch","line":158,"loc":{"start":{"line":158,"column":21},"end":{"line":167,"column":2}},"locations":[{"start":{"line":158,"column":21},"end":{"line":167,"column":2}}]},"24":{"type":"branch","line":158,"loc":{"start":{"line":158,"column":60},"end":{"line":167,"column":2}},"locations":[{"start":{"line":158,"column":60},"end":{"line":167,"column":2}}]},"25":{"type":"branch","line":161,"loc":{"start":{"line":161,"column":-2},"end":{"line":166,"column":3}},"locations":[{"start":{"line":161,"column":-2},"end":{"line":166,"column":3}}]},"26":{"type":"branch","line":278,"loc":{"start":{"line":278,"column":27},"end":{"line":300,"column":2}},"locations":[{"start":{"line":278,"column":27},"end":{"line":300,"column":2}}]},"27":{"type":"branch","line":278,"loc":{"start":{"line":278,"column":65},"end":{"line":300,"column":2}},"locations":[{"start":{"line":278,"column":65},"end":{"line":300,"column":2}}]},"28":{"type":"branch","line":288,"loc":{"start":{"line":288,"column":32},"end":{"line":290,"column":7}},"locations":[{"start":{"line":288,"column":32},"end":{"line":290,"column":7}}]},"29":{"type":"branch","line":291,"loc":{"start":{"line":291,"column":-2},"end":{"line":292,"column":33}},"locations":[{"start":{"line":291,"column":-2},"end":{"line":292,"column":33}}]},"30":{"type":"branch","line":293,"loc":{"start":{"line":293,"column":-2},"end":{"line":296,"column":5}},"locations":[{"start":{"line":293,"column":-2},"end":{"line":296,"column":5}}]},"31":{"type":"branch","line":297,"loc":{"start":{"line":297,"column":4},"end":{"line":299,"column":3}},"locations":[{"start":{"line":297,"column":4},"end":{"line":299,"column":3}}]},"32":{"type":"branch","line":301,"loc":{"start":{"line":301,"column":25},"end":{"line":329,"column":2}},"locations":[{"start":{"line":301,"column":25},"end":{"line":329,"column":2}}]},"33":{"type":"branch","line":301,"loc":{"start":{"line":301,"column":63},"end":{"line":329,"column":2}},"locations":[{"start":{"line":301,"column":63},"end":{"line":329,"column":2}}]},"34":{"type":"branch","line":314,"loc":{"start":{"line":314,"column":35},"end":{"line":323,"column":13}},"locations":[{"start":{"line":314,"column":35},"end":{"line":323,"column":13}}]},"35":{"type":"branch","line":323,"loc":{"start":{"line":323,"column":6},"end":{"line":325,"column":5}},"locations":[{"start":{"line":323,"column":6},"end":{"line":325,"column":5}}]},"36":{"type":"branch","line":326,"loc":{"start":{"line":326,"column":4},"end":{"line":328,"column":3}},"locations":[{"start":{"line":326,"column":4},"end":{"line":328,"column":3}}]},"37":{"type":"branch","line":330,"loc":{"start":{"line":330,"column":24},"end":{"line":339,"column":2}},"locations":[{"start":{"line":330,"column":24},"end":{"line":339,"column":2}}]},"38":{"type":"branch","line":330,"loc":{"start":{"line":330,"column":40},"end":{"line":339,"column":2}},"locations":[{"start":{"line":330,"column":40},"end":{"line":339,"column":2}}]},"39":{"type":"branch","line":333,"loc":{"start":{"line":333,"column":-2},"end":{"line":338,"column":3}},"locations":[{"start":{"line":333,"column":-2},"end":{"line":338,"column":3}}]},"40":{"type":"branch","line":341,"loc":{"start":{"line":341,"column":30},"end":{"line":364,"column":2}},"locations":[{"start":{"line":341,"column":30},"end":{"line":364,"column":2}}]},"41":{"type":"branch","line":341,"loc":{"start":{"line":341,"column":68},"end":{"line":364,"column":2}},"locations":[{"start":{"line":341,"column":68},"end":{"line":364,"column":2}}]},"42":{"type":"branch","line":345,"loc":{"start":{"line":345,"column":25},"end":{"line":347,"column":5}},"locations":[{"start":{"line":345,"column":25},"end":{"line":347,"column":5}}]},"43":{"type":"branch","line":354,"loc":{"start":{"line":354,"column":-2},"end":{"line":359,"column":5}},"locations":[{"start":{"line":354,"column":-2},"end":{"line":359,"column":5}}]},"44":{"type":"branch","line":367,"loc":{"start":{"line":367,"column":33},"end":{"line":375,"column":2}},"locations":[{"start":{"line":367,"column":33},"end":{"line":375,"column":2}}]},"45":{"type":"branch","line":367,"loc":{"start":{"line":367,"column":71},"end":{"line":375,"column":2}},"locations":[{"start":{"line":367,"column":71},"end":{"line":375,"column":2}}]},"46":{"type":"branch","line":370,"loc":{"start":{"line":370,"column":-2},"end":{"line":371,"column":11}},"locations":[{"start":{"line":370,"column":-2},"end":{"line":371,"column":11}}]}},"b":{"0":[11],"1":[11],"2":[0],"3":[0],"4":[0],"5":[0],"6":[0],"7":[0],"8":[0],"9":[0],"10":[0],"11":[4],"12":[4],"13":[1],"14":[3],"15":[0],"16":[3],"17":[3],"18":[1],"19":[2],"20":[0],"21":[2],"22":[0],"23":[2],"24":[2],"25":[1],"26":[3],"27":[3],"28":[1],"29":[2],"30":[1],"31":[0],"32":[2],"33":[2],"34":[1],"35":[0],"36":[0],"37":[2],"38":[2],"39":[1],"40":[2],"41":[2],"42":[0],"43":[0],"44":[2],"45":[2],"46":[0]},"fnMap":{"0":{"name":"checkAdmin","decl":{"start":{"line":40,"column":26},"end":{"line":85,"column":2}},"loc":{"start":{"line":40,"column":26},"end":{"line":85,"column":2}},"line":40}},"f":{"0":11}}
,"C:\\Users\\Mpano\\Desktop\\my-brand-Mpano-main\\my-brand-Mpano-main\\routes\\route.ts": {"path":"C:\\Users\\Mpano\\Desktop\\my-brand-Mpano-main\\my-brand-Mpano-main\\routes\\route.ts","all":false,"statementMap":{"0":{"start":{"line":1,"column":0},"end":{"line":1,"column":61}},"1":{"start":{"line":2,"column":0},"end":{"line":2,"column":53}},"2":{"start":{"line":3,"column":0},"end":{"line":3,"column":40}},"3":{"start":{"line":4,"column":0},"end":{"line":4,"column":0}},"4":{"start":{"line":5,"column":0},"end":{"line":5,"column":61}},"5":{"start":{"line":6,"column":0},"end":{"line":6,"column":7}},"6":{"start":{"line":7,"column":0},"end":{"line":7,"column":51}},"7":{"start":{"line":8,"column":0},"end":{"line":8,"column":19}},"8":{"start":{"line":9,"column":0},"end":{"line":9,"column":19}},"9":{"start":{"line":10,"column":0},"end":{"line":10,"column":23}},"10":{"start":{"line":11,"column":0},"end":{"line":11,"column":50}},"11":{"start":{"line":12,"column":0},"end":{"line":12,"column":3}},"12":{"start":{"line":13,"column":0},"end":{"line":13,"column":3}},"13":{"start":{"line":14,"column":0},"end":{"line":14,"column":0}},"14":{"start":{"line":15,"column":0},"end":{"line":15,"column":65}},"15":{"start":{"line":16,"column":0},"end":{"line":16,"column":7}},"16":{"start":{"line":17,"column":0},"end":{"line":17,"column":39}},"17":{"start":{"line":18,"column":0},"end":{"line":18,"column":64}},"18":{"start":{"line":19,"column":0},"end":{"line":19,"column":4}},"19":{"start":{"line":20,"column":0},"end":{"line":20,"column":16}},"20":{"start":{"line":21,"column":0},"end":{"line":21,"column":45}},"21":{"start":{"line":22,"column":0},"end":{"line":22,"column":12}},"22":{"start":{"line":23,"column":0},"end":{"line":23,"column":21}},"23":{"start":{"line":24,"column":0},"end":{"line":24,"column":5}},"24":{"start":{"line":25,"column":0},"end":{"line":25,"column":19}},"25":{"start":{"line":26,"column":0},"end":{"line":26,"column":23}},"26":{"start":{"line":27,"column":0},"end":{"line":27,"column":50}},"27":{"start":{"line":28,"column":0},"end":{"line":28,"column":3}},"28":{"start":{"line":29,"column":0},"end":{"line":29,"column":3}},"29":{"start":{"line":30,"column":0},"end":{"line":30,"column":0}},"30":{"start":{"line":31,"column":0},"end":{"line":31,"column":22}}},"s":{"0":2,"1":2,"2":2,"3":2,"4":2,"5":2,"6":2,"7":1,"8":1,"9":1,"10":1,"11":1,"12":2,"13":2,"14":2,"15":3,"16":3,"17":3,"18":1,"19":1,"20":1,"21":3,"22":0,"23":0,"24":3,"25":2,"26":2,"27":2,"28":2,"29":2,"30":2},"branchMap":{"0":{"type":"branch","line":5,"loc":{"start":{"line":5,"column":21},"end":{"line":13,"column":2}},"locations":[{"start":{"line":5,"column":21},"end":{"line":13,"column":2}}]},"1":{"type":"branch","line":5,"loc":{"start":{"line":5,"column":59},"end":{"line":13,"column":2}},"locations":[{"start":{"line":5,"column":59},"end":{"line":13,"column":2}}]},"2":{"type":"branch","line":8,"loc":{"start":{"line":8,"column":-2},"end":{"line":12,"column":3}},"locations":[{"start":{"line":8,"column":-2},"end":{"line":12,"column":3}}]},"3":{"type":"branch","line":15,"loc":{"start":{"line":15,"column":25},"end":{"line":29,"column":2}},"locations":[{"start":{"line":15,"column":25},"end":{"line":29,"column":2}}]},"4":{"type":"branch","line":15,"loc":{"start":{"line":15,"column":63},"end":{"line":29,"column":2}},"locations":[{"start":{"line":15,"column":63},"end":{"line":29,"column":2}}]},"5":{"type":"branch","line":19,"loc":{"start":{"line":19,"column":-2},"end":{"line":22,"column":5}},"locations":[{"start":{"line":19,"column":-2},"end":{"line":22,"column":5}}]},"6":{"type":"branch","line":22,"loc":{"start":{"line":22,"column":5},"end":{"line":24,"column":5}},"locations":[{"start":{"line":22,"column":5},"end":{"line":24,"column":5}}]},"7":{"type":"branch","line":25,"loc":{"start":{"line":25,"column":4},"end":{"line":28,"column":3}},"locations":[{"start":{"line":25,"column":4},"end":{"line":28,"column":3}}]}},"b":{"0":[2],"1":[2],"2":[1],"3":[3],"4":[3],"5":[1],"6":[0],"7":[2]},"fnMap":{},"f":{}}
}
